0 info it worked if it ends with ok
1 verbose cli [ '/usr/bin/nodejs', '/usr/bin/npm', 'run', 'tsc:w' ]
2 info using npm@3.10.3
3 info using node@v6.7.0
4 verbose run-script [ 'pretsc:w', 'tsc:w', 'posttsc:w' ]
5 info lifecycle demo1@1.0.0~pretsc:w: demo1@1.0.0
6 silly lifecycle demo1@1.0.0~pretsc:w: no script for pretsc:w, continuing
7 info lifecycle demo1@1.0.0~tsc:w: demo1@1.0.0
8 verbose lifecycle demo1@1.0.0~tsc:w: unsafe-perm in lifecycle true
9 verbose lifecycle demo1@1.0.0~tsc:w: PATH: /usr/lib/node_modules/npm/bin/node-gyp-bin:/home/psantos/Workspace/Sites/Angular2/demo1/node_modules/.bin:/usr/bin:/usr/lib/node_modules/npm/bin/node-gyp-bin:/home/psantos/Workspace/Sites/Angular2/demo1/node_modules/.bin:/usr/bin:/home/psantos/.rvm/gems/ruby-2.3.1/bin:/home/psantos/.rvm/gems/ruby-2.3.1@global/bin:/home/psantos/.rvm/rubies/ruby-2.3.1/bin:~/.npm-global/bin:/usr/local/sbin:/usr/local/bin:/usr/sbin:/usr/bin:/sbin:/bin:/usr/games:/usr/local/games:/snap/bin:/home/psantos/.rvm/bin:/usr/local/sbin:/usr/local/bin:/usr/sbin:/usr/bin:/sbin:/bin:/usr/games:/usr/local/games:/home/psantos/.rvm/bin:/home/psantos/.npm-global/bin
10 verbose lifecycle demo1@1.0.0~tsc:w: CWD: /home/psantos/Workspace/Sites/Angular2/demo1
11 silly lifecycle demo1@1.0.0~tsc:w: Args: [ '-c', 'tsc -w' ]
12 silly lifecycle demo1@1.0.0~tsc:w: Returned: code: 1  signal: null
13 info lifecycle demo1@1.0.0~tsc:w: Failed to exec tsc:w script
14 verbose stack Error: demo1@1.0.0 tsc:w: `tsc -w`
14 verbose stack Exit status 1
14 verbose stack     at EventEmitter.<anonymous> (/usr/lib/node_modules/npm/lib/utils/lifecycle.js:242:16)
14 verbose stack     at emitTwo (events.js:106:13)
14 verbose stack     at EventEmitter.emit (events.js:191:7)
14 verbose stack     at ChildProcess.<anonymous> (/usr/lib/node_modules/npm/lib/utils/spawn.js:40:14)
14 verbose stack     at emitTwo (events.js:106:13)
14 verbose stack     at ChildProcess.emit (events.js:191:7)
14 verbose stack     at maybeClose (internal/child_process.js:877:16)
14 verbose stack     at Process.ChildProcess._handle.onexit (internal/child_process.js:226:5)
15 verbose pkgid demo1@1.0.0
16 verbose cwd /home/psantos/Workspace/Sites/Angular2/demo1
17 error Linux 4.4.0-38-generic
18 error argv "/usr/bin/nodejs" "/usr/bin/npm" "run" "tsc:w"
19 error node v6.7.0
20 error npm  v3.10.3
21 error code ELIFECYCLE
22 error demo1@1.0.0 tsc:w: `tsc -w`
22 error Exit status 1
23 error Failed at the demo1@1.0.0 tsc:w script 'tsc -w'.
23 error Make sure you have the latest version of node.js and npm installed.
23 error If you do, this is most likely a problem with the demo1 package,
23 error not with npm itself.
23 error Tell the author that this fails on your system:
23 error     tsc -w
23 error You can get information on how to open an issue for this project with:
23 error     npm bugs demo1
23 error Or if that isn't available, you can get their info via:
23 error     npm owner ls demo1
23 error There is likely additional logging output above.
24 verbose exit [ 1, true ]
